2016-07-20 18:29:53 INFO  RunCukesTest:23 - Test Start!!!!!
2016-07-20 18:29:53 INFO  FeatureHooks:23 - Start scenario: Create a new mail and send to email jalasoft
2016-07-20 18:30:05 ERROR RunCukesTest:46 - Unable to quit the driver of sikuli
FindFailed: can not find P(src/main/resources/images/logoutpopup.png) S: 0.7 in S(0)[0,0 1680x1050]
  Line 2189, in file Region.java

	at org.sikuli.script.Region.handleFindFailedShowDialog(Region.java:2189)
	at org.sikuli.script.Region.handleFindFailed(Region.java:2134)
	at org.sikuli.script.Region.wait(Region.java:2546)
	at org.sikuli.script.Region.wait(Region.java:2504)
	at pages.GmailPage.logoutSuccessful(GmailPage.java:67)
	at ui.common.CommonMethods.logoutFromEmailSikuliPage(CommonMethods.java:39)
	at runner.RunCukesTest.afterExecutionSikuli(RunCukesTest.java:43)
	at runner.RunCukesTest.afterExecution(RunCukesTest.java:34)
	at sun.reflect.NativeMethodAccessorImpl.invoke0(Native Method)
	at sun.reflect.NativeMethodAccessorImpl.invoke(NativeMethodAccessorImpl.java:62)
	at sun.reflect.DelegatingMethodAccessorImpl.invoke(DelegatingMethodAccessorImpl.java:43)
	at java.lang.reflect.Method.invoke(Method.java:497)
	at org.testng.internal.MethodInvocationHelper.invokeMethod(MethodInvocationHelper.java:85)
	at org.testng.internal.Invoker.invokeConfigurationMethod(Invoker.java:517)
	at org.testng.internal.Invoker.invokeConfigurations(Invoker.java:213)
	at org.testng.internal.Invoker.invokeConfigurations(Invoker.java:140)
	at org.testng.TestRunner.afterRun(TestRunner.java:1019)
	at org.testng.TestRunner.run(TestRunner.java:625)
	at org.testng.SuiteRunner.runTest(SuiteRunner.java:357)
	at org.testng.SuiteRunner.runSequentially(SuiteRunner.java:352)
	at org.testng.SuiteRunner.privateRun(SuiteRunner.java:310)
	at org.testng.SuiteRunner.run(SuiteRunner.java:259)
	at org.testng.SuiteRunnerWorker.runSuite(SuiteRunnerWorker.java:52)
	at org.testng.SuiteRunnerWorker.run(SuiteRunnerWorker.java:86)
	at org.testng.TestNG.runSuitesSequentially(TestNG.java:1199)
	at org.testng.TestNG.runSuitesLocally(TestNG.java:1124)
	at org.testng.TestNG.run(TestNG.java:1032)
	at org.apache.maven.surefire.testng.TestNGExecutor.run(TestNGExecutor.java:115)
	at org.apache.maven.surefire.testng.TestNGDirectoryTestSuite.executeSingleClass(TestNGDirectoryTestSuite.java:129)
	at org.apache.maven.surefire.testng.TestNGDirectoryTestSuite.execute(TestNGDirectoryTestSuite.java:113)
	at org.apache.maven.surefire.testng.TestNGProvider.invoke(TestNGProvider.java:111)
	at org.apache.maven.surefire.booter.ForkedBooter.invokeProviderInSameClassLoader(ForkedBooter.java:203)
	at org.apache.maven.surefire.booter.ForkedBooter.runSuitesInProcess(ForkedBooter.java:155)
	at org.apache.maven.surefire.booter.ForkedBooter.main(ForkedBooter.java:103)
2016-07-20 18:30:05 INFO  RunCukesTest:48 - End test!!!!!
2016-07-20 18:30:05 ERROR RunCukesTest:35 - Unable to quit the driver of sikuli
java.lang.NullPointerException
	at pages.GmailEmailPage.waitUntilPageObjectIsLoaded(GmailEmailPage.java:37)
	at pages.GmailEmailPage.<init>(GmailEmailPage.java:32)
	at ui.common.CommonMethods.logoutFromEmailPage(CommonMethods.java:33)
	at runner.RunCukesTest.afterExecution(RunCukesTest.java:31)
	at sun.reflect.NativeMethodAccessorImpl.invoke0(Native Method)
	at sun.reflect.NativeMethodAccessorImpl.invoke(NativeMethodAccessorImpl.java:62)
	at sun.reflect.DelegatingMethodAccessorImpl.invoke(DelegatingMethodAccessorImpl.java:43)
	at java.lang.reflect.Method.invoke(Method.java:497)
	at org.testng.internal.MethodInvocationHelper.invokeMethod(MethodInvocationHelper.java:85)
	at org.testng.internal.Invoker.invokeConfigurationMethod(Invoker.java:517)
	at org.testng.internal.Invoker.invokeConfigurations(Invoker.java:213)
	at org.testng.internal.Invoker.invokeConfigurations(Invoker.java:140)
	at org.testng.TestRunner.afterRun(TestRunner.java:1019)
	at org.testng.TestRunner.run(TestRunner.java:625)
	at org.testng.SuiteRunner.runTest(SuiteRunner.java:357)
	at org.testng.SuiteRunner.runSequentially(SuiteRunner.java:352)
	at org.testng.SuiteRunner.privateRun(SuiteRunner.java:310)
	at org.testng.SuiteRunner.run(SuiteRunner.java:259)
	at org.testng.SuiteRunnerWorker.runSuite(SuiteRunnerWorker.java:52)
	at org.testng.SuiteRunnerWorker.run(SuiteRunnerWorker.java:86)
	at org.testng.TestNG.runSuitesSequentially(TestNG.java:1199)
	at org.testng.TestNG.runSuitesLocally(TestNG.java:1124)
	at org.testng.TestNG.run(TestNG.java:1032)
	at org.apache.maven.surefire.testng.TestNGExecutor.run(TestNGExecutor.java:115)
	at org.apache.maven.surefire.testng.TestNGDirectoryTestSuite.executeSingleClass(TestNGDirectoryTestSuite.java:129)
	at org.apache.maven.surefire.testng.TestNGDirectoryTestSuite.execute(TestNGDirectoryTestSuite.java:113)
	at org.apache.maven.surefire.testng.TestNGProvider.invoke(TestNGProvider.java:111)
	at org.apache.maven.surefire.booter.ForkedBooter.invokeProviderInSameClassLoader(ForkedBooter.java:203)
	at org.apache.maven.surefire.booter.ForkedBooter.runSuitesInProcess(ForkedBooter.java:155)
	at org.apache.maven.surefire.booter.ForkedBooter.main(ForkedBooter.java:103)
2016-07-20 18:30:05 INFO  RunCukesTest:37 - End test!!!!!
2016-07-20 18:39:55 INFO  RunCukesTest:23 - Test Start!!!!!
2016-07-20 18:39:55 INFO  FeatureHooks:23 - Start scenario: Create a new mail and send to email jalasoft
2016-07-20 18:40:21 INFO  RunCukesTest:48 - End test!!!!!
2016-07-20 18:40:21 ERROR RunCukesTest:35 - Unable to quit the driver of sikuli
java.lang.NullPointerException
	at pages.GmailEmailPage.waitUntilPageObjectIsLoaded(GmailEmailPage.java:37)
	at pages.GmailEmailPage.<init>(GmailEmailPage.java:32)
	at ui.common.CommonMethods.logoutFromEmailPage(CommonMethods.java:33)
	at runner.RunCukesTest.afterExecution(RunCukesTest.java:31)
	at sun.reflect.NativeMethodAccessorImpl.invoke0(Native Method)
	at sun.reflect.NativeMethodAccessorImpl.invoke(NativeMethodAccessorImpl.java:62)
	at sun.reflect.DelegatingMethodAccessorImpl.invoke(DelegatingMethodAccessorImpl.java:43)
	at java.lang.reflect.Method.invoke(Method.java:497)
	at org.testng.internal.MethodInvocationHelper.invokeMethod(MethodInvocationHelper.java:85)
	at org.testng.internal.Invoker.invokeConfigurationMethod(Invoker.java:517)
	at org.testng.internal.Invoker.invokeConfigurations(Invoker.java:213)
	at org.testng.internal.Invoker.invokeConfigurations(Invoker.java:140)
	at org.testng.TestRunner.afterRun(TestRunner.java:1019)
	at org.testng.TestRunner.run(TestRunner.java:625)
	at org.testng.SuiteRunner.runTest(SuiteRunner.java:357)
	at org.testng.SuiteRunner.runSequentially(SuiteRunner.java:352)
	at org.testng.SuiteRunner.privateRun(SuiteRunner.java:310)
	at org.testng.SuiteRunner.run(SuiteRunner.java:259)
	at org.testng.SuiteRunnerWorker.runSuite(SuiteRunnerWorker.java:52)
	at org.testng.SuiteRunnerWorker.run(SuiteRunnerWorker.java:86)
	at org.testng.TestNG.runSuitesSequentially(TestNG.java:1199)
	at org.testng.TestNG.runSuitesLocally(TestNG.java:1124)
	at org.testng.TestNG.run(TestNG.java:1032)
	at org.apache.maven.surefire.testng.TestNGExecutor.run(TestNGExecutor.java:115)
	at org.apache.maven.surefire.testng.TestNGDirectoryTestSuite.executeSingleClass(TestNGDirectoryTestSuite.java:129)
	at org.apache.maven.surefire.testng.TestNGDirectoryTestSuite.execute(TestNGDirectoryTestSuite.java:113)
	at org.apache.maven.surefire.testng.TestNGProvider.invoke(TestNGProvider.java:111)
	at org.apache.maven.surefire.booter.ForkedBooter.invokeProviderInSameClassLoader(ForkedBooter.java:203)
	at org.apache.maven.surefire.booter.ForkedBooter.runSuitesInProcess(ForkedBooter.java:155)
	at org.apache.maven.surefire.booter.ForkedBooter.main(ForkedBooter.java:103)
2016-07-20 18:40:21 INFO  RunCukesTest:37 - End test!!!!!
